Build started 2015/3/23 14:28:11.
     1>Project "C:\Users\CGGI_04\Documents\GitHub\ImageDeblur\ImageDeblur\ImageDeblur\ImageDeblur.vcxproj" on node 2 (build target(s)).
     1>PrepareForBuild:
         Creating directory "C:\Users\CGGI_04\Documents\GitHub\ImageDeblur\ImageDeblur\Debug\".
       InitializeBuildStatus:
         Creating "Debug\ImageDeblur.unsuccessfulbuild" because "AlwaysCreate" was specified.
       ClCompile:
         C:\Program Files (x86)\Microsoft Visual Studio 10.0\VC\bin\CL.exe /c /ZI /nologo /W3 /WX- /Od /Oy- /D WIN32 /D _DEBUG /D _CONSOLE /D _UNICODE /D UNICODE /Gm /EHsc /RTC1 /MDd /GS /fp:precise /Zc:wchar_t /Zc:forScope /Fo"Debug\\" /Fd"Debug\vc100.pdb" /Gd /TP /analyze- /errorReport:prompt helper.cpp ImageDeblur.cpp main.cpp
         main.cpp
         ImageDeblur.cpp
         helper.cpp
     1>c:\users\cggi_04\documents\github\imagedeblur\imagedeblur\imagedeblur\helper.cpp(162): warning C4244: 'argument' : conversion from 'const double' to 'int', possible loss of data
     1>c:\users\cggi_04\documents\github\imagedeblur\imagedeblur\imagedeblur\helper.cpp(162): warning C4244: 'argument' : conversion from 'const double' to 'int', possible loss of data
     1>c:\users\cggi_04\documents\github\imagedeblur\imagedeblur\imagedeblur\helper.cpp(212): warning C4244: 'argument' : conversion from 'double' to 'int', possible loss of data
     1>c:\users\cggi_04\documents\github\imagedeblur\imagedeblur\imagedeblur\helper.cpp(215): warning C4244: 'argument' : conversion from 'double' to 'int', possible loss of data
     1>c:\users\cggi_04\documents\github\imagedeblur\imagedeblur\imagedeblur\helper.cpp(230): warning C4244: 'initializing' : conversion from 'double' to 'int', possible loss of data
         Generating Code...
       Link:
         C:\Program Files (x86)\Microsoft Visual Studio 10.0\VC\bin\link.exe /ERRORREPORT:PROMPT /OUT:"C:\Users\CGGI_04\Documents\GitHub\ImageDeblur\ImageDeblur\Debug\ImageDeblur.exe" /INCREMENTAL:NO /NOLOGO kernel32.lib user32.lib gdi32.lib winspool.lib comdlg32.lib advapi32.lib shell32.lib ole32.lib oleaut32.lib uuid.lib odbc32.lib odbccp32.lib /MANIFEST /ManifestFile:"Debug\ImageDeblur.exe.intermediate.manifest" /MANIFESTUAC:"level='asInvoker' uiAccess='false'" /DEBUG /PDB:"C:\Users\CGGI_04\Documents\GitHub\ImageDeblur\ImageDeblur\Debug\ImageDeblur.pdb" /SUBSYSTEM:CONSOLE /TLBID:1 /DYNAMICBASE /NXCOMPAT /IMPLIB:"C:\Users\CGGI_04\Documents\GitHub\ImageDeblur\ImageDeblur\Debug\ImageDeblur.lib" /MACHINE:X86 Debug\helper.obj
         Debug\ImageDeblur.obj
         Debug\main.obj
     1>helper.obj : warning LNK4075: ignoring '/EDITANDCONTINUE' due to '/INCREMENTAL:NO' specification
         ImageDeblur.vcxproj -> C:\Users\CGGI_04\Documents\GitHub\ImageDeblur\ImageDeblur\Debug\ImageDeblur.exe
       Manifest:
         C:\Program Files (x86)\Microsoft SDKs\Windows\v7.0A\bin\mt.exe /nologo /verbose /outputresource:"C:\Users\CGGI_04\Documents\GitHub\ImageDeblur\ImageDeblur\Debug\ImageDeblur.exe;#1" /manifest Debug\ImageDeblur.exe.intermediate.manifest
       FinalizeBuildStatus:
         Deleting file "Debug\ImageDeblur.unsuccessfulbuild".
         Touching "Debug\ImageDeblur.lastbuildstate".
     1>Done Building Project "C:\Users\CGGI_04\Documents\GitHub\ImageDeblur\ImageDeblur\ImageDeblur\ImageDeblur.vcxproj" (build target(s)).

Build succeeded.

Time Elapsed 00:00:03.94
